{"name": "test_3", "status": "failed", "statusDetails": {"message": "AssertionError: assert False", "trace": "self = <allure_demo.test_local.TestAll object at 0x0000023B28554C70>\n\n    def test_3(self):\n        self.driver = webdriver.Chrome()\n        self.driver.get(\"http://www.fatcatqa.com\")\n        self.driver.maximize_window()\n        print(\"Chrome started and maximized.\")\n        act_title = self.driver.title\n        if act_title == \"1234\":\n            assert True\n            self.driver.close()\n        else:\n            allure.attach(self.driver.get_screenshot_as_png(), name=\"screenshot img 1: \",\n                          attachment_type=AttachmentType.PNG)\n            self.driver.close()\n>           assert False\nE           assert False\n\nallure_demo\\test_local.py:38: AssertionError"}, "attachments": [{"name": "screenshot img 1: ", "source": "37301573-acf1-45ba-a8bd-7b020c408623-attachment.png", "type": "image/png"}], "start": 1656513344691, "stop": 1656513348753, "uuid": "5c4e7939-3504-452c-9a26-90d3e97178b3", "historyId": "c6aa9431e640a12fd2180e0e9bd8e6a2", "testCaseId": "e9f229b1ef6ec13a31d69c4f7c30259a", "fullName": "allure_demo.test_local.TestAll#test_3", "labels": [{"name": "parentSuite", "value": "allure_demo"}, {"name": "suite", "value": "test_local"}, {"name": "subSuite", "value": "TestAll"}, {"name": "host", "value": "LAPTOP-4G0ARK6H"}, {"name": "thread", "value": "11116-MainThread"}, {"name": "framework", "value": "pytest"}, {"name": "language", "value": "cpython3"}, {"name": "package", "value": "allure_demo.test_local"}]}